{"name": "Registration form", "status": "failed", "statusDetails": {"message": "selene.core.exceptions.TimeoutException: Message: \n\nTimed out after 4s, while waiting for:\nbrowser.element(('css selector', '#uploadPicture')).send keys\n\nReason: InvalidArgumentException: invalid argument: File not found : /Users/bella/projects/qa_guru.10.12.addition/tests/111.png\n  (Session info: chrome=100.0.4896.60)\nScreenshot: file:///Users/bella/.selene/screenshots/1708118677944/1708118677944.png\nPageSource: file:///Users/bella/.selene/screenshots/1708118677944/1708118677944.html", "trace": "fn = <selene.core.wait.Command object at 0x1087584f0>\n\n    def logic(fn: Callable[[E], R]) -> R:\n        finish_time = time.time() + self._timeout\n    \n        while True:\n            try:\n>               return fn(self.entity)\n\n../.venv/lib/python3.9/site-packages/selene/core/wait.py:119: \n_ _ _ _ _ _ _ _ _ _ _ _ _ _ _ _ _ _ _ _ _ _ _ _ _ _ _ _ _ _ _ _ _ _ _ _ _ _ _ _ \n../.venv/lib/python3.9/site-packages/selene/core/wait.py:61: in __call__\n    return self._fn(entity)\n../.venv/lib/python3.9/site-packages/selene/core/entity.py:469: in <lambda>\n    self.wait.command('send keys', lambda element: element().send_keys(*value))\n../.venv/lib/python3.9/site-packages/selenium/webdriver/remote/webelement.py:231: in send_keys\n    self._execute(\n../.venv/lib/python3.9/site-packages/selenium/webdriver/remote/webelement.py:395: in _execute\n    return self._parent.execute(command, params)\n../.venv/lib/python3.9/site-packages/selenium/webdriver/remote/webdriver.py:347: in execute\n    self.error_handler.check_response(response)\n_ _ _ _ _ _ _ _ _ _ _ _ _ _ _ _ _ _ _ _ _ _ _ _ _ _ _ _ _ _ _ _ _ _ _ _ _ _ _ _ \n\nself = <selenium.webdriver.remote.errorhandler.ErrorHandler object at 0x10876da30>\nresponse = {'status': 400, 'value': '{\"value\":{\"error\":\"invalid argument\",\"message\":\"invalid argument: File not found : /Users/be...\\\\n#16 0x560a3374ab08 \\\\u003Cunknown>\\\\n#17 0x560a337645dd \\\\u003Cunknown>\\\\n#18 0x7f7e05409609 \\\\u003Cunknown>\\\\n\"}}'}\n\n    def check_response(self, response: Dict[str, Any]) -> None:\n        \"\"\"Checks that a JSON response from the WebDriver does not have an\n        error.\n    \n        :Args:\n         - response - The JSON response from the WebDriver server as a dictionary\n           object.\n    \n        :Raises: If the response contains an error message.\n        \"\"\"\n        status = response.get(\"status\", None)\n        if not status or status == ErrorCode.SUCCESS:\n            return\n        value = None\n        message = response.get(\"message\", \"\")\n        screen: str = response.get(\"screen\", \"\")\n        stacktrace = None\n        if isinstance(status, int):\n            value_json = response.get(\"value\", None)\n            if value_json and isinstance(value_json, str):\n                import json\n    \n                try:\n                    value = json.loads(value_json)\n                    if len(value) == 1:\n                        value = value[\"value\"]\n                    status = value.get(\"error\", None)\n                    if not status:\n                        status = value.get(\"status\", ErrorCode.UNKNOWN_ERROR)\n                        message = value.get(\"value\") or value.get(\"message\")\n                        if not isinstance(message, str):\n                            value = message\n                            message = message.get(\"message\")\n                    else:\n                        message = value.get(\"message\", None)\n                except ValueError:\n                    pass\n    \n        exception_class: Type[WebDriverException]\n        e = ErrorCode()\n        error_codes = [item for item in dir(e) if not item.startswith(\"__\")]\n        for error_code in error_codes:\n            error_info = getattr(ErrorCode, error_code)\n            if isinstance(error_info, list) and status in error_info:\n                exception_class = getattr(ExceptionMapping, error_code, WebDriverException)\n                break\n        else:\n            exception_class = WebDriverException\n    \n        if not value:\n            value = response[\"value\"]\n        if isinstance(value, str):\n            raise exception_class(value)\n        if message == \"\" and \"message\" in value:\n            message = value[\"message\"]\n    \n        screen = None  # type: ignore[assignment]\n        if \"screen\" in value:\n            screen = value[\"screen\"]\n    \n        stacktrace = None\n        st_value = value.get(\"stackTrace\") or value.get(\"stacktrace\")\n        if st_value:\n            if isinstance(st_value, str):\n                stacktrace = st_value.split(\"\\n\")\n            else:\n                stacktrace = []\n                try:\n                    for frame in st_value:\n                        line = frame.get(\"lineNumber\", \"\")\n                        file = frame.get(\"fileName\", \"<anonymous>\")\n                        if line:\n                            file = f\"{file}:{line}\"\n                        meth = frame.get(\"methodName\", \"<anonymous>\")\n                        if \"className\" in frame:\n                            meth = f\"{frame['className']}.{meth}\"\n                        msg = \"    at %s (%s)\"\n                        msg = msg % (meth, file)\n                        stacktrace.append(msg)\n                except TypeError:\n                    pass\n        if exception_class == UnexpectedAlertPresentException:\n            alert_text = None\n            if \"data\" in value:\n                alert_text = value[\"data\"].get(\"text\")\n            elif \"alert\" in value:\n                alert_text = value[\"alert\"].get(\"text\")\n            raise exception_class(message, screen, stacktrace, alert_text)  # type: ignore[call-arg]  # mypy is not smart enough here\n>       raise exception_class(message, screen, stacktrace)\nE       selenium.common.exceptions.InvalidArgumentException: Message: invalid argument: File not found : /Users/bella/projects/qa_guru.10.12.addition/tests/111.png\nE         (Session info: chrome=100.0.4896.60)\nE       Stacktrace:\nE       #0 0x560a336e7013 <unknown>\nE       #1 0x560a33449a08 <unknown>\nE       #2 0x560a33478dd6 <unknown>\nE       #3 0x560a3349d932 <unknown>\nE       #4 0x560a334746d3 <unknown>\nE       #5 0x560a3349da3e <unknown>\nE       #6 0x560a334b0b94 <unknown>\nE       #7 0x560a3349d823 <unknown>\nE       #8 0x560a3347308a <unknown>\nE       #9 0x560a334741e5 <unknown>\nE       #10 0x560a33714e5d <unknown>\nE       #11 0x560a3372e061 <unknown>\nE       #12 0x560a33716bb5 <unknown>\nE       #13 0x560a3372ee08 <unknown>\nE       #14 0x560a3370a2f0 <unknown>\nE       #15 0x560a3374a988 <unknown>\nE       #16 0x560a3374ab08 <unknown>\nE       #17 0x560a337645dd <unknown>\nE       #18 0x7f7e05409609 <unknown>\n\n../.venv/lib/python3.9/site-packages/selenium/webdriver/remote/errorhandler.py:229: InvalidArgumentException\n\nDuring handling of the above exception, another exception occurred:\n\n    @allure.title(\"Registration form\")\n    def test_for_demoqa():\n        with allure.step('Open form'):\n            browser.open('https://demoqa.com/automation-practice-form')\n            browser.element('[aria-label=\"Consent\"]').click()\n    \n        with allure.step('Fill form user data'):\n            browser.element('#firstName').type('Светлана')\n            browser.element('#lastName').type('Федоровна')\n            browser.element('#userEmail').type('bethere@example.com')\n            browser.element('[for=gender-radio-2]').click()\n            browser.element('#userNumber').type('7909555678')\n            browser.element('#dateOfBirthInput').click()\n            browser.element('.react-datepicker__year-select').click().element(by.text('1993')).click()\n            browser.element('.react-datepicker__month-select').click().element(by.text('May')).click()\n            browser.element('.react-datepicker__day--022').click()\n            browser.element('#subjectsInput').should(be.blank).type('english')\n            browser.element('#react-select-2-option-0').click()\n            browser.element('.subjects-auto-complete__multi-value__label').should(have.text('English'))\n    \n        with allure.step('Fill form user other data'):\n            browser.element('[for=\"hobbies-checkbox-1\"]').click()\n>           browser.element('#uploadPicture').send_keys(os.path.abspath('111.png'))\n\ndemoqa/test_registration_form.py:28: \n_ _ _ _ _ _ _ _ _ _ _ _ _ _ _ _ _ _ _ _ _ _ _ _ _ _ _ _ _ _ _ _ _ _ _ _ _ _ _ _ \n../.venv/lib/python3.9/site-packages/selene/core/entity.py:469: in send_keys\n    self.wait.command('send keys', lambda element: element().send_keys(*value))\n../.venv/lib/python3.9/site-packages/selene/core/wait.py:153: in command\n    self.for_(Command(description, fn))\n../.venv/lib/python3.9/site-packages/selene/core/wait.py:142: in for_\n    return self._decorator(self)(logic)(fn)\n_ _ _ _ _ _ _ _ _ _ _ _ _ _ _ _ _ _ _ _ _ _ _ _ _ _ _ _ _ _ _ _ _ _ _ _ _ _ _ _ \n\nfn = <selene.core.wait.Command object at 0x1087584f0>\n\n    def logic(fn: Callable[[E], R]) -> R:\n        finish_time = time.time() + self._timeout\n    \n        while True:\n            try:\n                return fn(self.entity)\n            except Exception as reason:\n                if time.time() > finish_time:\n                    reason_string = '{name}: {message}'.format(\n                        name=reason.__class__.__name__,\n                        message=getattr(reason, \"msg\", str(reason)),\n                    )\n                    # TODO: think on how can we improve logging failures in selene, e.g. reverse msg and stacktrace\n                    # stacktrace = getattr(reason, 'stacktrace', None)\n                    # TODO: should we have an option to turn on stacktrace logging?\n                    timeout = self._timeout\n                    entity = self.entity\n    \n                    failure = TimeoutException(\n                        f'\\n'\n                        f'\\nTimed out after {timeout}s, while waiting for:'\n                        f'\\n{entity}.{fn}'\n                        f'\\n'\n                        f'\\nReason: {reason_string}'\n                    )\n    \n>                   raise self._hook_failure(failure)\nE                   selene.core.exceptions.TimeoutException: Message: \nE                   \nE                   Timed out after 4s, while waiting for:\nE                   browser.element(('css selector', '#uploadPicture')).send keys\nE                   \nE                   Reason: InvalidArgumentException: invalid argument: File not found : /Users/bella/projects/qa_guru.10.12.addition/tests/111.png\nE                     (Session info: chrome=100.0.4896.60)\nE                   Screenshot: file:///Users/bella/.selene/screenshots/1708118677944/1708118677944.png\nE                   PageSource: file:///Users/bella/.selene/screenshots/1708118677944/1708118677944.html\n\n../.venv/lib/python3.9/site-packages/selene/core/wait.py:140: TimeoutException"}, "steps": [{"name": "Open form", "status": "passed", "start": 1708118684600, "stop": 1708118687055}, {"name": "Fill form user data", "status": "passed", "start": 1708118687055, "stop": 1708118690910}, {"name": "Fill form user other data", "status": "failed", "statusDetails": {"message": "selene.core.exceptions.TimeoutException: Message: \n\nTimed out after 4s, while waiting for:\nbrowser.element(('css selector', '#uploadPicture')).send keys\n\nReason: InvalidArgumentException: invalid argument: File not found : /Users/bella/projects/qa_guru.10.12.addition/tests/111.png\n  (Session info: chrome=100.0.4896.60)\nScreenshot: file:///Users/bella/.selene/screenshots/1708118677944/1708118677944.png\nPageSource: file:///Users/bella/.selene/screenshots/1708118677944/1708118677944.html\n\n", "trace": "  File \"/Users/bella/projects/qa_guru.10.12.addition/tests/demoqa/test_registration_form.py\", line 28, in test_for_demoqa\n    browser.element('#uploadPicture').send_keys(os.path.abspath('111.png'))\n  File \"/Users/bella/projects/qa_guru.10.12.addition/.venv/lib/python3.9/site-packages/selene/core/entity.py\", line 469, in send_keys\n    self.wait.command('send keys', lambda element: element().send_keys(*value))\n  File \"/Users/bella/projects/qa_guru.10.12.addition/.venv/lib/python3.9/site-packages/selene/core/wait.py\", line 153, in command\n    self.for_(Command(description, fn))\n  File \"/Users/bella/projects/qa_guru.10.12.addition/.venv/lib/python3.9/site-packages/selene/core/wait.py\", line 142, in for_\n    return self._decorator(self)(logic)(fn)\n  File \"/Users/bella/projects/qa_guru.10.12.addition/.venv/lib/python3.9/site-packages/selene/core/wait.py\", line 140, in logic\n    raise self._hook_failure(failure)\n"}, "start": 1708118690910, "stop": 1708118696298}], "start": 1708118684600, "stop": 1708118696301, "uuid": "0bd55020-33de-413c-a2c9-919c65569296", "historyId": "bea1a3e80dc9bd9609211643580d4775", "testCaseId": "bea1a3e80dc9bd9609211643580d4775", "fullName": "tests.demoqa.test_registration_form#test_for_demoqa", "labels": [{"name": "parentSuite", "value": "tests.demoqa"}, {"name": "suite", "value": "test_registration_form"}, {"name": "host", "value": "MacBook-Pro-Admin.local"}, {"name": "thread", "value": "79146-MainThread"}, {"name": "framework", "value": "pytest"}, {"name": "language", "value": "cpython3"}, {"name": "package", "value": "tests.demoqa.test_registration_form"}]}